<?xml version="1.0" encoding="UTF-8"?>
<testng-results ignored="0" total="2" passed="2" failed="0" skipped="0">
  <reporter-output>
  </reporter-output>
  <suite started-at="2023-01-28T21:21:39 IST" name="Default suite" finished-at="2023-01-28T21:21:39 IST" duration-ms="125">
    <groups>
    </groups>
    <test started-at="2023-01-28T21:21:39 IST" name="Default test" finished-at="2023-01-28T21:21:39 IST" duration-ms="125">
      <class name="TESTNG.checkingtestsequence">
        <test-method signature="ab()[pri:0, instance:TESTNG.checkingtestsequence@1b11171f]" started-at="2023-01-28T21:21:39 IST" name="ab" finished-at="2023-01-28T21:21:39 IST" duration-ms="20" status="PASS">
          <reporter-output>
          </reporter-output>
        </test-method> <!-- ab -->
        <test-method signature="ba()[pri:0, instance:TESTNG.checkingtestsequence@1b11171f]" started-at="2023-01-28T21:21:39 IST" name="ba" finished-at="2023-01-28T21:21:39 IST" duration-ms="2" status="PASS">
          <reporter-output>
          </reporter-output>
        </test-method> <!-- ba -->
      </class> <!-- TESTNG.checkingtestsequence -->
    </test> <!-- Default test -->
  </suite> <!-- Default suite -->
</testng-results>
